2025-08-05 17:43:33,719 - INFO - cybersnake.pygame:37 - --- Initialisation du Logging pour CyberSnake ---
2025-08-05 17:43:33,837 - INFO - cybersnake.pygame:57 - Pygame initialisé.
2025-08-05 17:43:33,837 - INFO - cybersnake.pygame:74 - Nombre de joysticks détectés: 2
2025-08-05 17:43:33,837 - INFO - cybersnake.pygame:82 - Joystick 1 (ID 0) initialisé: DragonRise Inc.   Generic   USB  Joystick   (12 boutons)
2025-08-05 17:43:33,837 - INFO - cybersnake.pygame:95 - Joystick 2 (ID 1) initialisé: DragonRise Inc.   Generic   USB  Joystick   (12 boutons)
2025-08-05 17:43:33,837 - INFO - cybersnake.pygame:111 - Taille écran détectée: 1920x1080
2025-08-05 17:43:33,837 - INFO - cybersnake.pygame:127 - Calculated GRID_SIZE: 36px
2025-08-05 17:43:33,838 - INFO - cybersnake.pygame:128 - Adjusted Screen Size: 1908x1080
2025-08-05 17:43:33,838 - INFO - cybersnake.pygame:129 - Final Grid Dimensions: 53x30
2025-08-05 17:43:33,838 - INFO - cybersnake.pygame:147 - Mode Script détecté. Base path assets: /userdata/roms/pygame/cyberSnake
2025-08-05 17:43:33,937 - INFO - cybersnake.pygame:158 - Fenêtre et horloge créées.
2025-08-05 17:43:33,945 - INFO - cybersnake.pygame:172 - Police Consolas chargée.
2025-08-05 17:43:34,113 - INFO - cybersnake.pygame:192 - Assets et High Scores chargés. Scores: Solo=10, VsAI=10, PvP=10, Survie=10
2025-08-05 17:43:34,113 - INFO - cybersnake.pygame:235 - État du jeu initialisé.
2025-08-05 17:43:34,113 - INFO - cybersnake.pygame:254 - Entrée dans la boucle principale du jeu.
2025-08-05 17:43:34,113 - DEBUG - game_states.py:951 - Entering run_menu
2025-08-05 17:43:34,123 - DEBUG - game_states.py:1242 - Exiting run_menu, next_state: 0
2025-08-05 17:43:34,131 - DEBUG - game_states.py:951 - Entering run_menu
2025-08-05 17:43:34,136 - DEBUG - game_states.py:1242 - Exiting run_menu, next_state: 0
2025-08-05 17:43:34,147 - DEBUG - game_states.py:951 - Entering run_menu
2025-08-05 17:43:34,151 - DEBUG - game_states.py:1242 - Exiting run_menu, next_state: 0
2025-08-05 17:43:34,163 - DEBUG - game_states.py:951 - Entering run_menu
2025-08-05 17:43:34,168 - DEBUG - game_states.py:1242 - Exiting run_menu, next_state: 0
2025-08-05 17:43:34,179 - DEBUG - game_states.py:951 - Entering run_menu
2025-08-05 17:43:34,183 - DEBUG - game_states.py:1242 - Exiting run_menu, next_state: 0
2025-08-05 17:43:34,195 - DEBUG - game_states.py:951 - Entering run_menu
2025-08-05 17:43:34,200 - DEBUG - game_states.py:1242 - Exiting run_menu, next_state: 0
2025-08-05 17:43:34,211 - DEBUG - game_states.py:951 - Entering run_menu
2025-08-05 17:43:34,216 - DEBUG - game_states.py:1242 - Exiting run_menu, next_state: 0
2025-08-05 17:43:34,227 - DEBUG - game_states.py:951 - Entering run_menu
2025-08-05 17:43:34,232 - DEBUG - game_states.py:1242 - Exiting run_menu, next_state: 0
2025-08-05 17:43:34,243 - DEBUG - game_states.py:951 - Entering run_menu
2025-08-05 17:43:34,247 - DEBUG - game_states.py:1242 - Exiting run_menu, next_state: 0
2025-08-05 17:43:34,259 - DEBUG - game_states.py:951 - Entering run_menu
2025-08-05 17:43:34,264 - DEBUG - game_states.py:1242 - Exiting run_menu, next_state: 0
2025-08-05 17:43:34,276 - DEBUG - game_states.py:951 - Entering run_menu
2025-08-05 17:43:34,281 - DEBUG - game_states.py:1242 - Exiting run_menu, next_state: 0
2025-08-05 17:43:34,292 - DEBUG - game_states.py:951 - Entering run_menu
2025-08-05 17:43:34,297 - DEBUG - game_states.py:1242 - Exiting run_menu, next_state: 0
2025-08-05 17:43:34,308 - DEBUG - game_states.py:951 - Entering run_menu
2025-08-05 17:43:34,313 - DEBUG - game_states.py:1242 - Exiting run_menu, next_state: 0
2025-08-05 17:43:34,325 - DEBUG - game_states.py:951 - Entering run_menu
2025-08-05 17:43:34,330 - DEBUG - game_states.py:1242 - Exiting run_menu, next_state: 0
2025-08-05 17:43:34,341 - DEBUG - game_states.py:951 - Entering run_menu
2025-08-05 17:43:34,346 - DEBUG - game_states.py:1242 - Exiting run_menu, next_state: 0
2025-08-05 17:43:34,356 - DEBUG - game_states.py:951 - Entering run_menu
2025-08-05 17:43:34,361 - DEBUG - game_states.py:1242 - Exiting run_menu, next_state: 0
2025-08-05 17:43:34,373 - DEBUG - game_states.py:951 - Entering run_menu
2025-08-05 17:43:34,378 - DEBUG - game_states.py:1242 - Exiting run_menu, next_state: 0
2025-08-05 17:43:34,389 - DEBUG - game_states.py:951 - Entering run_menu
2025-08-05 17:43:34,394 - DEBUG - game_states.py:1242 - Exiting run_menu, next_state: 0
2025-08-05 17:43:34,405 - DEBUG - game_states.py:951 - Entering run_menu
2025-08-05 17:43:34,410 - DEBUG - game_states.py:1242 - Exiting run_menu, next_state: 0
2025-08-05 17:43:34,422 - DEBUG - game_states.py:951 - Entering run_menu
2025-08-05 17:43:34,427 - DEBUG - game_states.py:1242 - Exiting run_menu, next_state: 0
2025-08-05 17:43:34,438 - DEBUG - game_states.py:951 - Entering run_menu
2025-08-05 17:43:34,443 - DEBUG - game_states.py:1242 - Exiting run_menu, next_state: 0
2025-08-05 17:43:34,454 - DEBUG - game_states.py:951 - Entering run_menu
2025-08-05 17:43:34,459 - DEBUG - game_states.py:1242 - Exiting run_menu, next_state: 0
2025-08-05 17:43:34,471 - DEBUG - game_states.py:951 - Entering run_menu
2025-08-05 17:43:34,476 - DEBUG - game_states.py:1242 - Exiting run_menu, next_state: 0
2025-08-05 17:43:34,487 - DEBUG - game_states.py:951 - Entering run_menu
2025-08-05 17:43:34,492 - DEBUG - game_states.py:1242 - Exiting run_menu, next_state: 0
2025-08-05 17:43:34,503 - DEBUG - game_states.py:951 - Entering run_menu
2025-08-05 17:43:34,508 - DEBUG - game_states.py:1242 - Exiting run_menu, next_state: 0
2025-08-05 17:43:34,520 - DEBUG - game_states.py:951 - Entering run_menu
2025-08-05 17:43:34,525 - DEBUG - game_states.py:1242 - Exiting run_menu, next_state: 0
2025-08-05 17:43:34,537 - DEBUG - game_states.py:951 - Entering run_menu
2025-08-05 17:43:34,542 - DEBUG - game_states.py:1242 - Exiting run_menu, next_state: 0
2025-08-05 17:43:34,553 - DEBUG - game_states.py:951 - Entering run_menu
2025-08-05 17:43:34,558 - DEBUG - game_states.py:1242 - Exiting run_menu, next_state: 0
2025-08-05 17:43:34,570 - DEBUG - game_states.py:951 - Entering run_menu
2025-08-05 17:43:34,575 - DEBUG - game_states.py:1242 - Exiting run_menu, next_state: 0
2025-08-05 17:43:34,587 - DEBUG - game_states.py:951 - Entering run_menu
2025-08-05 17:43:34,592 - DEBUG - game_states.py:1242 - Exiting run_menu, next_state: 0
2025-08-05 17:43:34,603 - DEBUG - game_states.py:951 - Entering run_menu
2025-08-05 17:43:34,608 - DEBUG - game_states.py:1242 - Exiting run_menu, next_state: 0
2025-08-05 17:43:34,620 - DEBUG - game_states.py:951 - Entering run_menu
2025-08-05 17:43:34,625 - DEBUG - game_states.py:1242 - Exiting run_menu, next_state: 0
2025-08-05 17:43:34,637 - DEBUG - game_states.py:951 - Entering run_menu
2025-08-05 17:43:34,642 - DEBUG - game_states.py:1242 - Exiting run_menu, next_state: 0
2025-08-05 17:43:34,653 - DEBUG - game_states.py:951 - Entering run_menu
2025-08-05 17:43:34,658 - DEBUG - game_states.py:1242 - Exiting run_menu, next_state: 0
2025-08-05 17:43:34,670 - DEBUG - game_states.py:951 - Entering run_menu
2025-08-05 17:43:34,675 - DEBUG - game_states.py:1242 - Exiting run_menu, next_state: 0
2025-08-05 17:43:34,687 - DEBUG - game_states.py:951 - Entering run_menu
2025-08-05 17:43:34,692 - DEBUG - game_states.py:1242 - Exiting run_menu, next_state: 0
2025-08-05 17:43:34,703 - DEBUG - game_states.py:951 - Entering run_menu
2025-08-05 17:43:34,708 - DEBUG - game_states.py:1242 - Exiting run_menu, next_state: 0
2025-08-05 17:43:34,720 - DEBUG - game_states.py:951 - Entering run_menu
2025-08-05 17:43:34,725 - DEBUG - game_states.py:1242 - Exiting run_menu, next_state: 0
2025-08-05 17:43:34,737 - DEBUG - game_states.py:951 - Entering run_menu
2025-08-05 17:43:34,742 - DEBUG - game_states.py:1242 - Exiting run_menu, next_state: 0
2025-08-05 17:43:34,753 - DEBUG - game_states.py:951 - Entering run_menu
2025-08-05 17:43:34,758 - DEBUG - game_states.py:1242 - Exiting run_menu, next_state: 0
2025-08-05 17:43:34,770 - DEBUG - game_states.py:951 - Entering run_menu
2025-08-05 17:43:34,775 - DEBUG - game_states.py:1242 - Exiting run_menu, next_state: 0
2025-08-05 17:43:34,787 - DEBUG - game_states.py:951 - Entering run_menu
2025-08-05 17:43:34,792 - DEBUG - game_states.py:1242 - Exiting run_menu, next_state: 0
2025-08-05 17:43:34,803 - DEBUG - game_states.py:951 - Entering run_menu
2025-08-05 17:43:34,808 - DEBUG - game_states.py:1242 - Exiting run_menu, next_state: 0
2025-08-05 17:43:34,820 - DEBUG - game_states.py:951 - Entering run_menu
2025-08-05 17:43:34,825 - DEBUG - game_states.py:1242 - Exiting run_menu, next_state: 0
2025-08-05 17:43:34,837 - DEBUG - game_states.py:951 - Entering run_menu
2025-08-05 17:43:34,842 - DEBUG - game_states.py:1242 - Exiting run_menu, next_state: 0
2025-08-05 17:43:34,853 - DEBUG - game_states.py:951 - Entering run_menu
2025-08-05 17:43:34,858 - DEBUG - game_states.py:1242 - Exiting run_menu, next_state: 0
2025-08-05 17:43:34,870 - DEBUG - game_states.py:951 - Entering run_menu
2025-08-05 17:43:34,875 - DEBUG - game_states.py:1242 - Exiting run_menu, next_state: 0
2025-08-05 17:43:34,887 - DEBUG - game_states.py:951 - Entering run_menu
2025-08-05 17:43:34,892 - DEBUG - game_states.py:1242 - Exiting run_menu, next_state: 0
2025-08-05 17:43:34,903 - DEBUG - game_states.py:951 - Entering run_menu
2025-08-05 17:43:34,908 - DEBUG - game_states.py:1242 - Exiting run_menu, next_state: 0
2025-08-05 17:43:34,920 - DEBUG - game_states.py:951 - Entering run_menu
2025-08-05 17:43:34,925 - DEBUG - game_states.py:1242 - Exiting run_menu, next_state: 0
2025-08-05 17:43:34,937 - DEBUG - game_states.py:951 - Entering run_menu
2025-08-05 17:43:34,942 - DEBUG - game_states.py:1242 - Exiting run_menu, next_state: 0
2025-08-05 17:43:34,953 - DEBUG - game_states.py:951 - Entering run_menu
2025-08-05 17:43:34,958 - DEBUG - game_states.py:1242 - Exiting run_menu, next_state: 0
2025-08-05 17:43:34,970 - DEBUG - game_states.py:951 - Entering run_menu
2025-08-05 17:43:34,975 - DEBUG - game_states.py:1242 - Exiting run_menu, next_state: 0
2025-08-05 17:43:34,987 - DEBUG - game_states.py:951 - Entering run_menu
2025-08-05 17:43:34,992 - DEBUG - game_states.py:1242 - Exiting run_menu, next_state: 0
2025-08-05 17:43:35,003 - DEBUG - game_states.py:951 - Entering run_menu
2025-08-05 17:43:35,008 - DEBUG - game_states.py:1242 - Exiting run_menu, next_state: 0
2025-08-05 17:43:35,020 - DEBUG - game_states.py:951 - Entering run_menu
2025-08-05 17:43:35,025 - DEBUG - game_states.py:1242 - Exiting run_menu, next_state: 0
2025-08-05 17:43:35,037 - DEBUG - game_states.py:951 - Entering run_menu
2025-08-05 17:43:35,042 - DEBUG - game_states.py:1242 - Exiting run_menu, next_state: 0
2025-08-05 17:43:35,053 - DEBUG - game_states.py:951 - Entering run_menu
2025-08-05 17:43:35,058 - DEBUG - game_states.py:1242 - Exiting run_menu, next_state: 0
2025-08-05 17:43:35,070 - DEBUG - game_states.py:951 - Entering run_menu
2025-08-05 17:43:35,075 - DEBUG - game_states.py:1242 - Exiting run_menu, next_state: 0
2025-08-05 17:43:35,087 - DEBUG - game_states.py:951 - Entering run_menu
2025-08-05 17:43:35,092 - DEBUG - game_states.py:1242 - Exiting run_menu, next_state: 0
2025-08-05 17:43:35,103 - DEBUG - game_states.py:951 - Entering run_menu
2025-08-05 17:43:35,109 - DEBUG - game_states.py:1242 - Exiting run_menu, next_state: 0
2025-08-05 17:43:35,120 - DEBUG - game_states.py:951 - Entering run_menu
2025-08-05 17:43:35,125 - DEBUG - game_states.py:1242 - Exiting run_menu, next_state: 0
2025-08-05 17:43:35,137 - DEBUG - game_states.py:951 - Entering run_menu
2025-08-05 17:43:35,142 - DEBUG - game_states.py:1242 - Exiting run_menu, next_state: 0
2025-08-05 17:43:35,153 - DEBUG - game_states.py:951 - Entering run_menu
2025-08-05 17:43:35,158 - DEBUG - game_states.py:1242 - Exiting run_menu, next_state: 0
2025-08-05 17:43:35,170 - DEBUG - game_states.py:951 - Entering run_menu
2025-08-05 17:43:35,175 - DEBUG - game_states.py:1242 - Exiting run_menu, next_state: 0
2025-08-05 17:43:35,187 - DEBUG - game_states.py:951 - Entering run_menu
2025-08-05 17:43:35,192 - DEBUG - game_states.py:1242 - Exiting run_menu, next_state: 0
2025-08-05 17:43:35,203 - DEBUG - game_states.py:951 - Entering run_menu
2025-08-05 17:43:35,208 - DEBUG - game_states.py:1242 - Exiting run_menu, next_state: 0
2025-08-05 17:43:35,220 - DEBUG - game_states.py:951 - Entering run_menu
2025-08-05 17:43:35,225 - DEBUG - game_states.py:1242 - Exiting run_menu, next_state: 0
2025-08-05 17:43:35,237 - DEBUG - game_states.py:951 - Entering run_menu
2025-08-05 17:43:35,242 - DEBUG - game_states.py:1242 - Exiting run_menu, next_state: 0
2025-08-05 17:43:35,253 - DEBUG - game_states.py:951 - Entering run_menu
2025-08-05 17:43:35,258 - DEBUG - game_states.py:1242 - Exiting run_menu, next_state: 0
2025-08-05 17:43:35,270 - DEBUG - game_states.py:951 - Entering run_menu
2025-08-05 17:43:35,275 - DEBUG - game_states.py:1242 - Exiting run_menu, next_state: 0
2025-08-05 17:43:35,287 - DEBUG - game_states.py:951 - Entering run_menu
2025-08-05 17:43:35,292 - DEBUG - game_states.py:1242 - Exiting run_menu, next_state: 0
2025-08-05 17:43:35,304 - DEBUG - game_states.py:951 - Entering run_menu
2025-08-05 17:43:35,308 - DEBUG - game_states.py:1242 - Exiting run_menu, next_state: 0
2025-08-05 17:43:35,320 - DEBUG - game_states.py:951 - Entering run_menu
2025-08-05 17:43:35,325 - DEBUG - game_states.py:1242 - Exiting run_menu, next_state: 0
2025-08-05 17:43:35,337 - DEBUG - game_states.py:951 - Entering run_menu
2025-08-05 17:43:35,342 - DEBUG - game_states.py:1242 - Exiting run_menu, next_state: 0
2025-08-05 17:43:35,353 - DEBUG - game_states.py:951 - Entering run_menu
2025-08-05 17:43:35,358 - DEBUG - game_states.py:1242 - Exiting run_menu, next_state: 0
2025-08-05 17:43:35,370 - DEBUG - game_states.py:951 - Entering run_menu
2025-08-05 17:43:35,375 - DEBUG - game_states.py:1242 - Exiting run_menu, next_state: 0
2025-08-05 17:43:35,387 - DEBUG - game_states.py:951 - Entering run_menu
2025-08-05 17:43:35,392 - DEBUG - game_states.py:1242 - Exiting run_menu, next_state: 0
2025-08-05 17:43:35,403 - DEBUG - game_states.py:951 - Entering run_menu
2025-08-05 17:43:35,408 - DEBUG - game_states.py:1242 - Exiting run_menu, next_state: 0
2025-08-05 17:43:35,420 - DEBUG - game_states.py:951 - Entering run_menu
2025-08-05 17:43:35,425 - DEBUG - game_states.py:1242 - Exiting run_menu, next_state: 0
2025-08-05 17:43:35,437 - DEBUG - game_states.py:951 - Entering run_menu
2025-08-05 17:43:35,442 - DEBUG - game_states.py:1242 - Exiting run_menu, next_state: 0
2025-08-05 17:43:35,453 - DEBUG - game_states.py:951 - Entering run_menu
2025-08-05 17:43:35,458 - DEBUG - game_states.py:1242 - Exiting run_menu, next_state: 0
2025-08-05 17:43:35,470 - DEBUG - game_states.py:951 - Entering run_menu
2025-08-05 17:43:35,475 - DEBUG - game_states.py:1242 - Exiting run_menu, next_state: 0
2025-08-05 17:43:35,487 - DEBUG - game_states.py:951 - Entering run_menu
2025-08-05 17:43:35,492 - DEBUG - game_states.py:1242 - Exiting run_menu, next_state: 0
2025-08-05 17:43:35,504 - DEBUG - game_states.py:951 - Entering run_menu
2025-08-05 17:43:35,508 - DEBUG - game_states.py:1242 - Exiting run_menu, next_state: 0
2025-08-05 17:43:35,520 - DEBUG - game_states.py:951 - Entering run_menu
2025-08-05 17:43:35,525 - DEBUG - game_states.py:1242 - Exiting run_menu, next_state: 0
2025-08-05 17:43:35,537 - DEBUG - game_states.py:951 - Entering run_menu
2025-08-05 17:43:35,542 - DEBUG - game_states.py:1242 - Exiting run_menu, next_state: 0
2025-08-05 17:43:35,553 - DEBUG - game_states.py:951 - Entering run_menu
2025-08-05 17:43:35,558 - DEBUG - game_states.py:1242 - Exiting run_menu, next_state: 0
2025-08-05 17:43:35,570 - DEBUG - game_states.py:951 - Entering run_menu
2025-08-05 17:43:35,575 - DEBUG - game_states.py:1242 - Exiting run_menu, next_state: 0
2025-08-05 17:43:35,587 - DEBUG - game_states.py:951 - Entering run_menu
2025-08-05 17:43:35,592 - DEBUG - game_states.py:1242 - Exiting run_menu, next_state: 0
2025-08-05 17:43:35,604 - DEBUG - game_states.py:951 - Entering run_menu
2025-08-05 17:43:35,608 - DEBUG - game_states.py:1242 - Exiting run_menu, next_state: 0
2025-08-05 17:43:35,620 - DEBUG - game_states.py:951 - Entering run_menu
2025-08-05 17:43:35,625 - DEBUG - game_states.py:1242 - Exiting run_menu, next_state: 0
2025-08-05 17:43:35,637 - DEBUG - game_states.py:951 - Entering run_menu
2025-08-05 17:43:35,642 - DEBUG - game_states.py:1242 - Exiting run_menu, next_state: 0
2025-08-05 17:43:35,653 - DEBUG - game_states.py:951 - Entering run_menu
2025-08-05 17:43:35,658 - DEBUG - game_states.py:1242 - Exiting run_menu, next_state: 0
2025-08-05 17:43:35,670 - DEBUG - game_states.py:951 - Entering run_menu
2025-08-05 17:43:35,675 - DEBUG - game_states.py:1242 - Exiting run_menu, next_state: 0
2025-08-05 17:43:35,687 - DEBUG - game_states.py:951 - Entering run_menu
2025-08-05 17:43:35,692 - DEBUG - game_states.py:1242 - Exiting run_menu, next_state: 0
2025-08-05 17:43:35,704 - DEBUG - game_states.py:951 - Entering run_menu
2025-08-05 17:43:35,708 - DEBUG - game_states.py:1242 - Exiting run_menu, next_state: 0
2025-08-05 17:43:35,720 - DEBUG - game_states.py:951 - Entering run_menu
2025-08-05 17:43:35,725 - DEBUG - game_states.py:1242 - Exiting run_menu, next_state: 0
2025-08-05 17:43:35,737 - DEBUG - game_states.py:951 - Entering run_menu
2025-08-05 17:43:35,742 - DEBUG - game_states.py:1242 - Exiting run_menu, next_state: 0
2025-08-05 17:43:35,754 - DEBUG - game_states.py:951 - Entering run_menu
2025-08-05 17:43:35,759 - DEBUG - game_states.py:1242 - Exiting run_menu, next_state: 0
2025-08-05 17:43:35,770 - DEBUG - game_states.py:951 - Entering run_menu
2025-08-05 17:43:35,775 - DEBUG - game_states.py:1242 - Exiting run_menu, next_state: 0
2025-08-05 17:43:35,787 - DEBUG - game_states.py:951 - Entering run_menu
2025-08-05 17:43:35,792 - DEBUG - game_states.py:1242 - Exiting run_menu, next_state: 0
2025-08-05 17:43:35,804 - DEBUG - game_states.py:951 - Entering run_menu
2025-08-05 17:43:35,809 - DEBUG - game_states.py:1242 - Exiting run_menu, next_state: 0
2025-08-05 17:43:35,820 - DEBUG - game_states.py:951 - Entering run_menu
2025-08-05 17:43:35,825 - DEBUG - game_states.py:1242 - Exiting run_menu, next_state: 0
2025-08-05 17:43:35,837 - DEBUG - game_states.py:951 - Entering run_menu
2025-08-05 17:43:35,842 - DEBUG - game_states.py:1242 - Exiting run_menu, next_state: 0
2025-08-05 17:43:35,853 - DEBUG - game_states.py:951 - Entering run_menu
2025-08-05 17:43:35,858 - DEBUG - game_states.py:1242 - Exiting run_menu, next_state: 0
2025-08-05 17:43:35,870 - DEBUG - game_states.py:951 - Entering run_menu
2025-08-05 17:43:35,875 - DEBUG - game_states.py:1242 - Exiting run_menu, next_state: 0
2025-08-05 17:43:35,887 - DEBUG - game_states.py:951 - Entering run_menu
2025-08-05 17:43:35,892 - DEBUG - game_states.py:1242 - Exiting run_menu, next_state: 0
2025-08-05 17:43:35,903 - DEBUG - game_states.py:951 - Entering run_menu
2025-08-05 17:43:35,908 - DEBUG - game_states.py:1242 - Exiting run_menu, next_state: 0
2025-08-05 17:43:35,920 - DEBUG - game_states.py:951 - Entering run_menu
2025-08-05 17:43:35,925 - DEBUG - game_states.py:1242 - Exiting run_menu, next_state: 0
2025-08-05 17:43:35,937 - DEBUG - game_states.py:951 - Entering run_menu
2025-08-05 17:43:35,942 - DEBUG - game_states.py:1242 - Exiting run_menu, next_state: 0
2025-08-05 17:43:35,953 - DEBUG - game_states.py:951 - Entering run_menu
2025-08-05 17:43:35,958 - DEBUG - game_states.py:1242 - Exiting run_menu, next_state: 0
2025-08-05 17:43:35,970 - DEBUG - game_states.py:951 - Entering run_menu
2025-08-05 17:43:35,975 - DEBUG - game_states.py:1242 - Exiting run_menu, next_state: 0
2025-08-05 17:43:35,987 - DEBUG - game_states.py:951 - Entering run_menu
2025-08-05 17:43:35,992 - DEBUG - game_states.py:1242 - Exiting run_menu, next_state: 0
2025-08-05 17:43:36,004 - DEBUG - game_states.py:951 - Entering run_menu
2025-08-05 17:43:36,008 - DEBUG - game_states.py:1242 - Exiting run_menu, next_state: 0
2025-08-05 17:43:36,020 - DEBUG - game_states.py:951 - Entering run_menu
2025-08-05 17:43:36,025 - DEBUG - game_states.py:1242 - Exiting run_menu, next_state: 0
2025-08-05 17:43:36,037 - DEBUG - game_states.py:951 - Entering run_menu
2025-08-05 17:43:36,042 - DEBUG - game_states.py:1242 - Exiting run_menu, next_state: 0
2025-08-05 17:43:36,053 - DEBUG - game_states.py:951 - Entering run_menu
2025-08-05 17:43:36,058 - DEBUG - game_states.py:1242 - Exiting run_menu, next_state: 0
2025-08-05 17:43:36,070 - DEBUG - game_states.py:951 - Entering run_menu
2025-08-05 17:43:36,075 - DEBUG - game_states.py:1242 - Exiting run_menu, next_state: 0
2025-08-05 17:43:36,087 - DEBUG - game_states.py:951 - Entering run_menu
2025-08-05 17:43:36,092 - DEBUG - game_states.py:1242 - Exiting run_menu, next_state: 0
2025-08-05 17:43:36,104 - DEBUG - game_states.py:951 - Entering run_menu
2025-08-05 17:43:36,108 - DEBUG - game_states.py:1242 - Exiting run_menu, next_state: 0
2025-08-05 17:43:36,120 - DEBUG - game_states.py:951 - Entering run_menu
2025-08-05 17:43:36,125 - DEBUG - game_states.py:1242 - Exiting run_menu, next_state: 0
2025-08-05 17:43:36,137 - DEBUG - game_states.py:951 - Entering run_menu
2025-08-05 17:43:36,142 - DEBUG - game_states.py:1242 - Exiting run_menu, next_state: 0
2025-08-05 17:43:36,153 - DEBUG - game_states.py:951 - Entering run_menu
2025-08-05 17:43:36,158 - DEBUG - game_states.py:1242 - Exiting run_menu, next_state: 0
2025-08-05 17:43:36,170 - DEBUG - game_states.py:951 - Entering run_menu
2025-08-05 17:43:36,175 - DEBUG - game_states.py:1242 - Exiting run_menu, next_state: 0
2025-08-05 17:43:36,187 - DEBUG - game_states.py:951 - Entering run_menu
2025-08-05 17:43:36,192 - DEBUG - game_states.py:1242 - Exiting run_menu, next_state: 0
2025-08-05 17:43:36,203 - DEBUG - game_states.py:951 - Entering run_menu
2025-08-05 17:43:36,208 - DEBUG - game_states.py:1242 - Exiting run_menu, next_state: 0
2025-08-05 17:43:36,220 - DEBUG - game_states.py:951 - Entering run_menu
2025-08-05 17:43:36,225 - DEBUG - game_states.py:1242 - Exiting run_menu, next_state: 0
2025-08-05 17:43:36,237 - DEBUG - game_states.py:951 - Entering run_menu
2025-08-05 17:43:36,242 - DEBUG - game_states.py:1242 - Exiting run_menu, next_state: 0
2025-08-05 17:43:36,254 - DEBUG - game_states.py:951 - Entering run_menu
2025-08-05 17:43:36,258 - DEBUG - game_states.py:1242 - Exiting run_menu, next_state: 0
2025-08-05 17:43:36,270 - DEBUG - game_states.py:951 - Entering run_menu
2025-08-05 17:43:36,275 - DEBUG - game_states.py:1242 - Exiting run_menu, next_state: 0
2025-08-05 17:43:36,287 - DEBUG - game_states.py:951 - Entering run_menu
2025-08-05 17:43:36,292 - DEBUG - game_states.py:1242 - Exiting run_menu, next_state: 0
2025-08-05 17:43:36,304 - DEBUG - game_states.py:951 - Entering run_menu
2025-08-05 17:43:36,308 - DEBUG - game_states.py:1242 - Exiting run_menu, next_state: 0
2025-08-05 17:43:36,320 - DEBUG - game_states.py:951 - Entering run_menu
2025-08-05 17:43:36,325 - DEBUG - game_states.py:1242 - Exiting run_menu, next_state: 0
2025-08-05 17:43:36,337 - DEBUG - game_states.py:951 - Entering run_menu
2025-08-05 17:43:36,342 - DEBUG - game_states.py:1242 - Exiting run_menu, next_state: 0
2025-08-05 17:43:36,353 - DEBUG - game_states.py:951 - Entering run_menu
2025-08-05 17:43:36,358 - DEBUG - game_states.py:1242 - Exiting run_menu, next_state: 0
2025-08-05 17:43:36,370 - DEBUG - game_states.py:951 - Entering run_menu
2025-08-05 17:43:36,375 - DEBUG - game_states.py:1242 - Exiting run_menu, next_state: 0
2025-08-05 17:43:36,387 - DEBUG - game_states.py:951 - Entering run_menu
2025-08-05 17:43:36,392 - DEBUG - game_states.py:1242 - Exiting run_menu, next_state: 0
2025-08-05 17:43:36,403 - DEBUG - game_states.py:951 - Entering run_menu
2025-08-05 17:43:36,408 - DEBUG - game_states.py:1242 - Exiting run_menu, next_state: 0
2025-08-05 17:43:36,420 - DEBUG - game_states.py:951 - Entering run_menu
2025-08-05 17:43:36,425 - DEBUG - game_states.py:1242 - Exiting run_menu, next_state: 0
2025-08-05 17:43:36,437 - DEBUG - game_states.py:951 - Entering run_menu
2025-08-05 17:43:36,442 - DEBUG - game_states.py:1242 - Exiting run_menu, next_state: 0
2025-08-05 17:43:36,453 - DEBUG - game_states.py:951 - Entering run_menu
2025-08-05 17:43:36,459 - DEBUG - game_states.py:1242 - Exiting run_menu, next_state: 0
2025-08-05 17:43:36,470 - DEBUG - game_states.py:951 - Entering run_menu
2025-08-05 17:43:36,475 - DEBUG - game_states.py:1242 - Exiting run_menu, next_state: 0
2025-08-05 17:43:36,487 - DEBUG - game_states.py:951 - Entering run_menu
2025-08-05 17:43:36,492 - DEBUG - game_states.py:1242 - Exiting run_menu, next_state: 0
2025-08-05 17:43:36,504 - DEBUG - game_states.py:951 - Entering run_menu
2025-08-05 17:43:36,508 - DEBUG - game_states.py:1242 - Exiting run_menu, next_state: 0
2025-08-05 17:43:36,520 - DEBUG - game_states.py:951 - Entering run_menu
2025-08-05 17:43:36,525 - DEBUG - game_states.py:1242 - Exiting run_menu, next_state: 0
2025-08-05 17:43:36,537 - DEBUG - game_states.py:951 - Entering run_menu
2025-08-05 17:43:36,542 - DEBUG - game_states.py:1242 - Exiting run_menu, next_state: 0
2025-08-05 17:43:36,553 - DEBUG - game_states.py:951 - Entering run_menu
2025-08-05 17:43:36,559 - DEBUG - game_states.py:1242 - Exiting run_menu, next_state: 0
2025-08-05 17:43:36,570 - DEBUG - game_states.py:951 - Entering run_menu
2025-08-05 17:43:36,575 - DEBUG - game_states.py:1242 - Exiting run_menu, next_state: 0
2025-08-05 17:43:36,587 - DEBUG - game_states.py:951 - Entering run_menu
2025-08-05 17:43:36,587 - DEBUG - game_states.py:1017 - JOYBUTTONDOWN event: instance_id=0, button=8
2025-08-05 17:43:36,587 - INFO - game_states.py:1075 - Joystick button 8 pressed in menu, quitting.
2025-08-05 17:43:36,587 - INFO - cybersnake.pygame:266 - Signal de fin de jeu reçu de l'état actuel.
2025-08-05 17:43:36,587 - INFO - cybersnake.pygame:298 - Sortie de la boucle principale. Nettoyage et fermeture.
2025-08-05 17:43:36,798 - INFO - cybersnake.pygame:307 - Sortie normale du jeu via SystemExit.
